[2025-11-14 23:18:29] 
XLibre X Server 1.25.0
X Protocol Version 11, Revision 0
[2025-11-14 23:18:29] Current Operating System: Linux UrMom 6.12.57-1-lts #1 SMP PREEMPT_DYNAMIC Mon, 03 Nov 2025 18:26:23 +0000 x86_64
[2025-11-14 23:18:29] Kernel command line: BOOT_IMAGE=/vmlinuz-linux-lts root=UUID=a895d79d-0324-476a-a1fb-623ce9165c87 rw loglevel=3 quiet
[2025-11-14 23:18:29]  
[2025-11-14 23:18:29] Current version of pixman: 0.46.4
[2025-11-14 23:18:29] 	Before reporting problems, check https://github.com/X11Libre/xserver
	to make sure that you have the latest version.
[2025-11-14 23:18:29] Markers: (--) probed, (**) from config file, (==) default setting,
	(++) from command line, (!!) notice, (II) informational,
	(WW) warning, (EE) error, (NI) not implemented, (??) unknown.
[2025-11-14 23:18:29] (==) Log file: "/home/xsoder/.local/share/xorg/Xorg.0.log", Time: Fri Nov 14 23:18:29 2025
[2025-11-14 23:18:29] (==) Using system config directory "/usr/share/X11/xorg.conf.d"
[2025-11-14 23:18:29] (==) No Layout section.  Using the first Screen section.
[2025-11-14 23:18:29] (==) No screen section available. Using defaults.
[2025-11-14 23:18:29] (**) |-->Screen "Default Screen Section" (0)
[2025-11-14 23:18:29] (**) |   |-->Monitor "<default monitor>"
[2025-11-14 23:18:29] (==) No monitor specified for screen "Default Screen Section".
	Using a default monitor configuration.
[2025-11-14 23:18:29] (==) Automatically adding devices
[2025-11-14 23:18:29] (==) Automatically enabling devices
[2025-11-14 23:18:29] (==) Automatically adding GPU devices
[2025-11-14 23:18:29] (==) Automatically binding GPU devices
[2025-11-14 23:18:29] (==) Max clients allowed: 256, resource mask: 0x1fffff
[2025-11-14 23:18:29] (WW) `fonts.dir' not found (or not valid) in "/usr/share/fonts/misc".
[2025-11-14 23:18:29] 	Entry deleted from font path.
[2025-11-14 23:18:29] 	(Run 'mkfontdir' on "/usr/share/fonts/misc").
[2025-11-14 23:18:29] (WW) `fonts.dir' not found (or not valid) in "/usr/share/fonts/TTF".
[2025-11-14 23:18:29] 	Entry deleted from font path.
[2025-11-14 23:18:29] 	(Run 'mkfontdir' on "/usr/share/fonts/TTF").
[2025-11-14 23:18:29] (WW) `fonts.dir' not found (or not valid) in "/usr/share/fonts/OTF".
[2025-11-14 23:18:29] 	Entry deleted from font path.
[2025-11-14 23:18:29] 	(Run 'mkfontdir' on "/usr/share/fonts/OTF").
[2025-11-14 23:18:29] (WW) The directory "/usr/share/fonts/Type1" does not exist.
[2025-11-14 23:18:29] 	Entry deleted from font path.
[2025-11-14 23:18:29] (WW) `fonts.dir' not found (or not valid) in "/usr/share/fonts/100dpi".
[2025-11-14 23:18:29] 	Entry deleted from font path.
[2025-11-14 23:18:29] 	(Run 'mkfontdir' on "/usr/share/fonts/100dpi").
[2025-11-14 23:18:29] (WW) `fonts.dir' not found (or not valid) in "/usr/share/fonts/75dpi".
[2025-11-14 23:18:29] 	Entry deleted from font path.
[2025-11-14 23:18:29] 	(Run 'mkfontdir' on "/usr/share/fonts/75dpi").
[2025-11-14 23:18:29] (==) FontPath set to:
	
[2025-11-14 23:18:29] (==) ModulePath set to "/usr/lib/xorg/modules"
[2025-11-14 23:18:29] (II) The server relies on udev to provide the list of input devices.
	If no devices become available, reconfigure udev or disable AutoAddDevices.
[2025-11-14 23:18:29] (II) Module ABI versions:
[2025-11-14 23:18:29] 	X.Org ANSI C Emulation: 1.4
[2025-11-14 23:18:29] 	X.Org Video Driver: 28.0
[2025-11-14 23:18:29] 	X.Org XInput driver : 26.0
[2025-11-14 23:18:29] 	X.Org Server Extension : 11.0
[2025-11-14 23:18:29] (++) using VT number 1

[2025-11-14 23:18:29] (II) systemd-logind: took control of session /org/freedesktop/login1/session/_31
[2025-11-14 23:18:29] (II) xfree86: Adding drm device (/dev/dri/card1)
[2025-11-14 23:18:29] (II) Platform probe for /sys/devices/pci0000:00/0000:00:02.0/drm/card1
[2025-11-14 23:18:29] (II) systemd-logind: got fd for /dev/dri/card1 226:1 fd 13 paused 0
[2025-11-14 23:18:29] (--) PCI:*(0@0:2:0) 8086:9a49:1028:a21 rev 1, Mem @ 0x6054000000/16777216, 0x4000000000/268435456, I/O @ 0x3000/64, BIOS @ 0x????????/131072
[2025-11-14 23:18:29] (WW) Open ACPI failed (/var/run/acpid.socket) (No such file or directory)
[2025-11-14 23:18:29] (II) LoadModule: "glx"
[2025-11-14 23:18:29] (II) Loading /usr/lib/xorg/modules/xlibre-25.0/extensions/libglx.so
[2025-11-14 23:18:29] (II) Module glx: vendor="X.Org Foundation"
[2025-11-14 23:18:29] 	compiled for 1.25.0, module version = 1.0.0
[2025-11-14 23:18:29] 	ABI class: X.Org Server Extension, version 11.0
[2025-11-14 23:18:29] (==) Matched intel as autoconfigured driver 0
[2025-11-14 23:18:29] (==) Matched modesetting as autoconfigured driver 1
[2025-11-14 23:18:29] (==) Matched fbdev as autoconfigured driver 2
[2025-11-14 23:18:29] (==) Matched vesa as autoconfigured driver 3
[2025-11-14 23:18:29] (==) Assigned the driver to the xf86ConfigLayout
[2025-11-14 23:18:29] (II) LoadModule: "intel"
[2025-11-14 23:18:29] (II) Loading /usr/lib/xorg/modules/xlibre-25.0/drivers/intel_drv.so
[2025-11-14 23:18:29] (II) Module intel: vendor="X.Org Foundation"
[2025-11-14 23:18:29] 	compiled for 1.25.0, module version = 2.99.917
[2025-11-14 23:18:29] 	Module class: X.Org Video Driver
[2025-11-14 23:18:29] 	ABI class: X.Org Video Driver, version 28.0
[2025-11-14 23:18:29] (II) LoadModule: "modesetting"
[2025-11-14 23:18:29] (II) Loading /usr/lib/xorg/modules/xlibre-25.0/drivers/modesetting_drv.so
[2025-11-14 23:18:29] (II) Module modesetting: vendor="X.Org Foundation"
[2025-11-14 23:18:29] 	compiled for 1.25.0, module version = 1.25.0
[2025-11-14 23:18:29] 	Module class: X.Org Video Driver
[2025-11-14 23:18:29] 	ABI class: X.Org Video Driver, version 28.0
[2025-11-14 23:18:29] (II) LoadModule: "fbdev"
[2025-11-14 23:18:29] (WW) Warning, couldn't open module fbdev
[2025-11-14 23:18:29] (EE) Failed to load module "fbdev" (module does not exist, 0)
[2025-11-14 23:18:29] (II) LoadModule: "vesa"
[2025-11-14 23:18:29] (WW) Warning, couldn't open module vesa
[2025-11-14 23:18:29] (EE) Failed to load module "vesa" (module does not exist, 0)
[2025-11-14 23:18:29] (II) intel: Driver for Intel(R) Integrated Graphics Chipsets:
	i810, i810-dc100, i810e, i815, i830M, 845G, 854, 852GM/855GM, 865G,
	915G, E7221 (i915), 915GM, 945G, 945GM, 945GME, Pineview GM,
	Pineview G, 965G, G35, 965Q, 946GZ, 965GM, 965GME/GLE, G33, Q35, Q33,
	GM45, 4 Series, G45/G43, Q45/Q43, G41, B43
[2025-11-14 23:18:29] (II) intel: Driver for Intel(R) HD Graphics
[2025-11-14 23:18:29] (II) intel: Driver for Intel(R) Iris(TM) Graphics
[2025-11-14 23:18:29] (II) intel: Driver for Intel(R) Iris(TM) Pro Graphics
[2025-11-14 23:18:29] (II) modesetting: Driver for Modesetting Kernel Drivers: kms
[2025-11-14 23:18:29] (II) intel(0): Using Kernel Mode Setting driver: i915, version 1.6.0 0
[2025-11-14 23:18:29] (WW) Falling back to old probe method for modesetting
[2025-11-14 23:18:29] (EE) open /dev/dri/card0: No such file or directory
[2025-11-14 23:18:29] (WW) VGA arbiter: cannot open kernel arbiter, no multi-card support
[2025-11-14 23:18:29] (--) intel(0): Integrated Graphics Chipset: Intel(R) HD Graphics
[2025-11-14 23:18:29] (--) intel(0): CPU: x86-64, sse2, sse3, ssse3, sse4.1, sse4.2, avx, avx2; using a maximum of 4 threads
[2025-11-14 23:18:29] (II) intel(0): Creating default Display subsection in Screen section
	"Default Screen Section" for depth/fbbpp 24/32
[2025-11-14 23:18:29] (==) intel(0): Depth 24, (--) framebuffer bpp 32
[2025-11-14 23:18:29] (==) intel(0): RGB weight 888
[2025-11-14 23:18:29] (==) intel(0): Default visual is TrueColor
[2025-11-14 23:18:29] (II) intel(0): Output eDP1 has no monitor section
[2025-11-14 23:18:29] (**) intel(0): Found backlight control interface intel_backlight (type 'raw') for output eDP1
[2025-11-14 23:18:29] (II) intel(0): Enabled output eDP1
[2025-11-14 23:18:29] (II) intel(0): Output HDMI1 has no monitor section
[2025-11-14 23:18:29] (II) intel(0): Enabled output HDMI1
[2025-11-14 23:18:29] (II) intel(0): Output DP1 has no monitor section
[2025-11-14 23:18:29] (II) intel(0): Enabled output DP1
[2025-11-14 23:18:29] (II) intel(0): Output DP2 has no monitor section
[2025-11-14 23:18:29] (II) intel(0): Enabled output DP2
[2025-11-14 23:18:29] (--) intel(0): Using a maximum size of 256x256 for hardware cursors
[2025-11-14 23:18:29] (II) intel(0): Output VIRTUAL1 has no monitor section
[2025-11-14 23:18:29] (II) intel(0): Enabled output VIRTUAL1
[2025-11-14 23:18:29] (--) intel(0): Output eDP1 using initial mode 1920x1080 on crtc 0
[2025-11-14 23:18:29] (==) intel(0): TearFree enabled
[2025-11-14 23:18:29] (==) intel(0): Using gamma correction (1.00, 1.00, 1.00)
[2025-11-14 23:18:29] (==) intel(0): DPI set to (96, 96)
[2025-11-14 23:18:29] (II) Loading sub module "dri3"
[2025-11-14 23:18:29] (II) LoadModule: "dri3"
[2025-11-14 23:18:29] (II) Module "dri3" already built-in
[2025-11-14 23:18:29] (II) Loading sub module "dri2"
[2025-11-14 23:18:29] (II) LoadModule: "dri2"
[2025-11-14 23:18:29] (II) Module "dri2" already built-in
[2025-11-14 23:18:29] (II) Loading sub module "present"
[2025-11-14 23:18:29] (II) LoadModule: "present"
[2025-11-14 23:18:29] (II) Module "present" already built-in
[2025-11-14 23:18:29] (II) UnloadModule: "modesetting"
[2025-11-14 23:18:29] (II) Unloading modesetting
[2025-11-14 23:18:29] (II) intel(0): SNA initialized with generic backend
[2025-11-14 23:18:29] (==) intel(0): Backing store enabled
[2025-11-14 23:18:29] (==) intel(0): Silken mouse enabled
[2025-11-14 23:18:29] (II) intel(0): HW Cursor enabled
[2025-11-14 23:18:29] (==) intel(0): DPMS enabled
[2025-11-14 23:18:29] (==) intel(0): Display hotplug detection enabled
[2025-11-14 23:18:29] (II) intel(0): Textured video not supported on this hardware or backend
[2025-11-14 23:18:29] (II) intel(0): [DRI2] Setup complete
[2025-11-14 23:18:29] (II) intel(0): [DRI2]   DRI driver: i965
[2025-11-14 23:18:29] (II) intel(0): [DRI2]   VDPAU driver: va_gl
[2025-11-14 23:18:29] (II) intel(0): direct rendering: DRI2 DRI3 enabled
[2025-11-14 23:18:29] (II) intel(0): hardware support for Present enabled
[2025-11-14 23:18:29] (II) Output(s) initialized
[2025-11-14 23:18:29] (II) Initializing extension Generic Event Extension
[2025-11-14 23:18:29] (II) Initializing extension SHAPE
[2025-11-14 23:18:29] (II) Initializing extension MIT-SHM
[2025-11-14 23:18:29] (II) Initializing extension XInputExtension
[2025-11-14 23:18:29] (II) Initializing extension XTEST
[2025-11-14 23:18:29] (II) Initializing extension BIG-REQUESTS
[2025-11-14 23:18:29] (II) Initializing extension SYNC
[2025-11-14 23:18:29] (II) Initializing extension XKEYBOARD
[2025-11-14 23:18:29] (II) Initializing extension XC-MISC
[2025-11-14 23:18:29] (II) Initializing extension SECURITY
[2025-11-14 23:18:29] (II) Initializing extension XFIXES
[2025-11-14 23:18:29] (II) Initializing extension RENDER
[2025-11-14 23:18:29] (II) Initializing extension RANDR
[2025-11-14 23:18:29] (II) Initializing extension COMPOSITE
[2025-11-14 23:18:29] (II) Initializing extension DAMAGE
[2025-11-14 23:18:29] (II) Initializing extension MIT-SCREEN-SAVER
[2025-11-14 23:18:29] (II) Initializing extension DOUBLE-BUFFER
[2025-11-14 23:18:29] (II) Initializing extension RECORD
[2025-11-14 23:18:29] (II) Initializing extension DPMS
[2025-11-14 23:18:29] (II) Initializing extension Present
[2025-11-14 23:18:29] (II) Initializing extension DRI3
[2025-11-14 23:18:29] (II) Initializing extension X-Resource
[2025-11-14 23:18:29] (II) Initializing extension XVideo
[2025-11-14 23:18:29] (II) Initializing extension XVideo-MotionCompensation
[2025-11-14 23:18:29] (II) Initializing extension GLX
[2025-11-14 23:18:29] (EE) AIGLX error: dlopen of /usr/lib/dri/i965_dri.so failed (/usr/lib/dri/i965_dri.so: cannot open shared object file: No such file or directory)
[2025-11-14 23:18:29] (EE) AIGLX error: unable to load driver i965
[2025-11-14 23:18:29] (II) IGLX: Loaded and initialized swrast
[2025-11-14 23:18:29] (II) GLX: Initialized DRISWRAST GL provider for screen 0
[2025-11-14 23:18:29] (II) Initializing extension XFree86-VidModeExtension
[2025-11-14 23:18:29] (II) Initializing extension XFree86-DGA
[2025-11-14 23:18:29] (II) Initializing extension XFree86-DRI
[2025-11-14 23:18:29] (II) Initializing extension DRI2
[2025-11-14 23:18:29] (II) Extensions initialized
[2025-11-14 23:18:29] (II) intel(0): switch to mode 1920x1080@60.00 on eDP1 using crtc 0, position (0, 0), rotation normal, reflection none
[2025-11-14 23:18:29] (II) intel(0): Setting screen physical size to 508 x 285
[2025-11-14 23:18:29] (II) Screen(s) initialized
[2025-11-14 23:18:29] (II) config/udev: Adding input device Video Bus (/dev/input/event4)
[2025-11-14 23:18:29] (**) Video Bus: Applying InputClass "libinput keyboard catchall"
[2025-11-14 23:18:29] (II) LoadModule: "libinput"
[2025-11-14 23:18:29] (II) Loading /usr/lib/xorg/modules/xlibre-25.0/input/libinput_drv.so
[2025-11-14 23:18:29] (II) Module libinput: vendor="X.Org Foundation"
[2025-11-14 23:18:29] 	compiled for 1.25.0, module version = 1.5.0
[2025-11-14 23:18:29] 	Module class: X.Org XInput Driver
[2025-11-14 23:18:29] 	ABI class: X.Org XInput driver, version 26.0
[2025-11-14 23:18:29] (II) Using input driver 'libinput' for 'Video Bus'
[2025-11-14 23:18:29] (II) systemd-logind: got fd for /dev/input/event4 13:68 fd 23 paused 0
[2025-11-14 23:18:29] (**) Video Bus: always reports core events
[2025-11-14 23:18:29] (**) Option "Device" "/dev/input/event4"
[2025-11-14 23:18:29] (II) event4  - Video Bus: is tagged by udev as: Keyboard
[2025-11-14 23:18:29] (II) event4  - Video Bus: device is a keyboard
[2025-11-14 23:18:29] (II) event4  - Video Bus: device removed
[2025-11-14 23:18:29] (**) Option "config_info" "udev:/sys/devices/LNXSYSTM:00/LNXSYBUS:00/PNP0A08:00/LNXVIDEO:00/input/input5/event4"
[2025-11-14 23:18:29] (II) XINPUT: Adding extended input device "Video Bus" (type: KEYBOARD, id 6)
[2025-11-14 23:18:29] (II) event4  - Video Bus: is tagged by udev as: Keyboard
[2025-11-14 23:18:29] (II) event4  - Video Bus: device is a keyboard
[2025-11-14 23:18:29] (II) config/udev: Adding input device Power Button (/dev/input/event1)
[2025-11-14 23:18:29] (**) Power Button: Applying InputClass "libinput keyboard catchall"
[2025-11-14 23:18:29] (II) Using input driver 'libinput' for 'Power Button'
[2025-11-14 23:18:29] (II) systemd-logind: got fd for /dev/input/event1 13:65 fd 26 paused 0
[2025-11-14 23:18:29] (**) Power Button: always reports core events
[2025-11-14 23:18:29] (**) Option "Device" "/dev/input/event1"
[2025-11-14 23:18:29] (II) event1  - Power Button: is tagged by udev as: Keyboard
[2025-11-14 23:18:29] (II) event1  - Power Button: device is a keyboard
[2025-11-14 23:18:29] (II) event1  - Power Button: device removed
[2025-11-14 23:18:29] (**) Option "config_info" "udev:/sys/devices/LNXSYSTM:00/LNXSYBUS:00/PNP0C0C:00/input/input1/event1"
[2025-11-14 23:18:29] (II) XINPUT: Adding extended input device "Power Button" (type: KEYBOARD, id 7)
[2025-11-14 23:18:29] (II) event1  - Power Button: is tagged by udev as: Keyboard
[2025-11-14 23:18:29] (II) event1  - Power Button: device is a keyboard
[2025-11-14 23:18:29] (II) config/udev: Adding input device Lid Switch (/dev/input/event0)
[2025-11-14 23:18:29] (II) No input driver specified, ignoring this device.
[2025-11-14 23:18:29] (II) This device may have been added with another device file.
[2025-11-14 23:18:29] (II) config/udev: Adding input device Sleep Button (/dev/input/event2)
[2025-11-14 23:18:29] (**) Sleep Button: Applying InputClass "libinput keyboard catchall"
[2025-11-14 23:18:29] (II) Using input driver 'libinput' for 'Sleep Button'
[2025-11-14 23:18:29] (II) systemd-logind: got fd for /dev/input/event2 13:66 fd 27 paused 0
[2025-11-14 23:18:29] (**) Sleep Button: always reports core events
[2025-11-14 23:18:29] (**) Option "Device" "/dev/input/event2"
[2025-11-14 23:18:29] (II) event2  - Sleep Button: is tagged by udev as: Keyboard
[2025-11-14 23:18:29] (II) event2  - Sleep Button: device is a keyboard
[2025-11-14 23:18:29] (II) event2  - Sleep Button: device removed
[2025-11-14 23:18:29] (**) Option "config_info" "udev:/sys/devices/LNXSYSTM:00/LNXSYBUS:00/PNP0C0E:00/input/input2/event2"
[2025-11-14 23:18:29] (II) XINPUT: Adding extended input device "Sleep Button" (type: KEYBOARD, id 8)
[2025-11-14 23:18:29] (II) event2  - Sleep Button: is tagged by udev as: Keyboard
[2025-11-14 23:18:29] (II) event2  - Sleep Button: device is a keyboard
[2025-11-14 23:18:29] (II) config/udev: Adding input device HS6209 wireless mouse (/dev/input/event5)
[2025-11-14 23:18:29] (II) No input driver specified, ignoring this device.
[2025-11-14 23:18:29] (II) This device may have been added with another device file.
[2025-11-14 23:18:29] (II) config/udev: Adding input device HS6209 wireless mouse Mouse (/dev/input/event6)
[2025-11-14 23:18:29] (**) HS6209 wireless mouse Mouse: Applying InputClass "libinput pointer catchall"
[2025-11-14 23:18:29] (II) Using input driver 'libinput' for 'HS6209 wireless mouse Mouse'
[2025-11-14 23:18:29] (II) systemd-logind: got fd for /dev/input/event6 13:70 fd 28 paused 0
[2025-11-14 23:18:29] (**) HS6209 wireless mouse Mouse: always reports core events
[2025-11-14 23:18:29] (**) Option "Device" "/dev/input/event6"
[2025-11-14 23:18:29] (II) event6  - HS6209 wireless mouse Mouse: is tagged by udev as: Mouse
[2025-11-14 23:18:29] (II) event6  - HS6209 wireless mouse Mouse: device is a pointer
[2025-11-14 23:18:29] (II) event6  - HS6209 wireless mouse Mouse: device removed
[2025-11-14 23:18:29] (II) libinput: HS6209 wireless mouse Mouse: Step value 0 was provided, libinput Fallback acceleration function is used.
[2025-11-14 23:18:29] (II) libinput: HS6209 wireless mouse Mouse: Step value 0 was provided, libinput Fallback acceleration function is used.
[2025-11-14 23:18:29] (II) libinput: HS6209 wireless mouse Mouse: Step value 0 was provided, libinput Fallback acceleration function is used.
[2025-11-14 23:18:29] (**) Option "config_info" "udev:/sys/devices/pci0000:00/0000:00:14.0/usb3/3-4/3-4:1.0/0003:3938:1358.0001/input/input7/event6"
[2025-11-14 23:18:29] (II) XINPUT: Adding extended input device "HS6209 wireless mouse Mouse" (type: MOUSE, id 9)
[2025-11-14 23:18:29] (**) Option "AccelerationScheme" "none"
[2025-11-14 23:18:29] (**) HS6209 wireless mouse Mouse: (accel) selected scheme none/0
[2025-11-14 23:18:29] (**) HS6209 wireless mouse Mouse: (accel) acceleration factor: 2.00
[2025-11-14 23:18:29] (**) HS6209 wireless mouse Mouse: (accel) acceleration threshold: 4
[2025-11-14 23:18:29] (II) event6  - HS6209 wireless mouse Mouse: is tagged by udev as: Mouse
[2025-11-14 23:18:29] (II) event6  - HS6209 wireless mouse Mouse: device is a pointer
[2025-11-14 23:18:29] (II) config/udev: Adding input device HS6209 wireless mouse Mouse (/dev/input/mouse0)
[2025-11-14 23:18:29] (II) No input driver specified, ignoring this device.
[2025-11-14 23:18:29] (II) This device may have been added with another device file.
[2025-11-14 23:18:29] (II) config/udev: Adding input device DELL0A21:00 0488:1024 Mouse (/dev/input/event9)
[2025-11-14 23:18:29] (**) DELL0A21:00 0488:1024 Mouse: Applying InputClass "libinput pointer catchall"
[2025-11-14 23:18:29] (II) Using input driver 'libinput' for 'DELL0A21:00 0488:1024 Mouse'
[2025-11-14 23:18:29] (II) systemd-logind: got fd for /dev/input/event9 13:73 fd 29 paused 0
[2025-11-14 23:18:29] (**) DELL0A21:00 0488:1024 Mouse: always reports core events
[2025-11-14 23:18:29] (**) Option "Device" "/dev/input/event9"
[2025-11-14 23:18:29] (II) event9  - DELL0A21:00 0488:1024 Mouse: is tagged by udev as: Mouse Pointingstick
[2025-11-14 23:18:29] (II) event9  - DELL0A21:00 0488:1024 Mouse: device is a pointer
[2025-11-14 23:18:29] (II) event9  - DELL0A21:00 0488:1024 Mouse: device removed
[2025-11-14 23:18:29] (II) libinput: DELL0A21:00 0488:1024 Mouse: Step value 0 was provided, libinput Fallback acceleration function is used.
[2025-11-14 23:18:29] (II) libinput: DELL0A21:00 0488:1024 Mouse: Step value 0 was provided, libinput Fallback acceleration function is used.
[2025-11-14 23:18:29] (II) libinput: DELL0A21:00 0488:1024 Mouse: Step value 0 was provided, libinput Fallback acceleration function is used.
[2025-11-14 23:18:29] (**) Option "config_info" "udev:/sys/devices/pci0000:00/0000:00:15.1/i2c_designware.1/i2c-1/i2c-DELL0A21:00/0018:0488:1024.0002/input/input17/event9"
[2025-11-14 23:18:29] (II) XINPUT: Adding extended input device "DELL0A21:00 0488:1024 Mouse" (type: MOUSE, id 10)
[2025-11-14 23:18:29] (**) Option "AccelerationScheme" "none"
[2025-11-14 23:18:29] (**) DELL0A21:00 0488:1024 Mouse: (accel) selected scheme none/0
[2025-11-14 23:18:29] (**) DELL0A21:00 0488:1024 Mouse: (accel) acceleration factor: 2.00
[2025-11-14 23:18:29] (**) DELL0A21:00 0488:1024 Mouse: (accel) acceleration threshold: 4
[2025-11-14 23:18:29] (II) event9  - DELL0A21:00 0488:1024 Mouse: is tagged by udev as: Mouse Pointingstick
[2025-11-14 23:18:29] (II) event9  - DELL0A21:00 0488:1024 Mouse: device is a pointer
[2025-11-14 23:18:29] (II) config/udev: Adding input device DELL0A21:00 0488:1024 Mouse (/dev/input/mouse1)
[2025-11-14 23:18:29] (II) No input driver specified, ignoring this device.
[2025-11-14 23:18:29] (II) This device may have been added with another device file.
[2025-11-14 23:18:29] (II) config/udev: Adding input device DELL0A21:00 0488:1024 Touchpad (/dev/input/event10)
[2025-11-14 23:18:29] (**) DELL0A21:00 0488:1024 Touchpad: Applying InputClass "libinput touchpad catchall"
[2025-11-14 23:18:29] (II) Using input driver 'libinput' for 'DELL0A21:00 0488:1024 Touchpad'
[2025-11-14 23:18:29] (II) systemd-logind: got fd for /dev/input/event10 13:74 fd 30 paused 0
[2025-11-14 23:18:29] (**) DELL0A21:00 0488:1024 Touchpad: always reports core events
[2025-11-14 23:18:29] (**) Option "Device" "/dev/input/event10"
[2025-11-14 23:18:29] (II) event10 - DELL0A21:00 0488:1024 Touchpad: is tagged by udev as: Touchpad
[2025-11-14 23:18:29] (II) event10 - DELL0A21:00 0488:1024 Touchpad: device is a touchpad
[2025-11-14 23:18:29] (II) event10 - DELL0A21:00 0488:1024 Touchpad: device removed
[2025-11-14 23:18:29] (II) libinput: DELL0A21:00 0488:1024 Touchpad: Step value 0 was provided, libinput Fallback acceleration function is used.
[2025-11-14 23:18:29] (II) libinput: DELL0A21:00 0488:1024 Touchpad: Step value 0 was provided, libinput Fallback acceleration function is used.
[2025-11-14 23:18:29] (II) libinput: DELL0A21:00 0488:1024 Touchpad: Step value 0 was provided, libinput Fallback acceleration function is used.
[2025-11-14 23:18:29] (**) Option "config_info" "udev:/sys/devices/pci0000:00/0000:00:15.1/i2c_designware.1/i2c-1/i2c-DELL0A21:00/0018:0488:1024.0002/input/input18/event10"
[2025-11-14 23:18:29] (II) XINPUT: Adding extended input device "DELL0A21:00 0488:1024 Touchpad" (type: TOUCHPAD, id 11)
[2025-11-14 23:18:29] (**) Option "AccelerationScheme" "none"
[2025-11-14 23:18:29] (**) DELL0A21:00 0488:1024 Touchpad: (accel) selected scheme none/0
[2025-11-14 23:18:29] (**) DELL0A21:00 0488:1024 Touchpad: (accel) acceleration factor: 2.00
[2025-11-14 23:18:29] (**) DELL0A21:00 0488:1024 Touchpad: (accel) acceleration threshold: 4
[2025-11-14 23:18:29] (II) event10 - DELL0A21:00 0488:1024 Touchpad: is tagged by udev as: Touchpad
[2025-11-14 23:18:29] (II) event10 - DELL0A21:00 0488:1024 Touchpad: device is a touchpad
[2025-11-14 23:18:29] (II) config/udev: Adding input device DELL0A21:00 0488:1024 Touchpad (/dev/input/mouse2)
[2025-11-14 23:18:29] (II) No input driver specified, ignoring this device.
[2025-11-14 23:18:29] (II) This device may have been added with another device file.
[2025-11-14 23:18:29] (II) config/udev: Adding input device HDA Intel PCH Headphone Mic (/dev/input/event14)
[2025-11-14 23:18:29] (II) No input driver specified, ignoring this device.
[2025-11-14 23:18:29] (II) This device may have been added with another device file.
[2025-11-14 23:18:29] (II) config/udev: Adding input device HDA Intel PCH HDMI/DP,pcm=3 (/dev/input/event15)
[2025-11-14 23:18:29] (II) No input driver specified, ignoring this device.
[2025-11-14 23:18:29] (II) This device may have been added with another device file.
[2025-11-14 23:18:29] (II) config/udev: Adding input device HDA Intel PCH HDMI/DP,pcm=7 (/dev/input/event16)
[2025-11-14 23:18:29] (II) No input driver specified, ignoring this device.
[2025-11-14 23:18:29] (II) This device may have been added with another device file.
[2025-11-14 23:18:29] (II) config/udev: Adding input device HDA Intel PCH HDMI/DP,pcm=8 (/dev/input/event17)
[2025-11-14 23:18:29] (II) No input driver specified, ignoring this device.
[2025-11-14 23:18:29] (II) This device may have been added with another device file.
[2025-11-14 23:18:29] (II) config/udev: Adding input device HDA Intel PCH HDMI/DP,pcm=9 (/dev/input/event18)
[2025-11-14 23:18:29] (II) No input driver specified, ignoring this device.
[2025-11-14 23:18:29] (II) This device may have been added with another device file.
[2025-11-14 23:18:29] (II) config/udev: Adding input device Intel HID events (/dev/input/event7)
[2025-11-14 23:18:29] (**) Intel HID events: Applying InputClass "libinput keyboard catchall"
[2025-11-14 23:18:29] (II) Using input driver 'libinput' for 'Intel HID events'
[2025-11-14 23:18:29] (II) systemd-logind: got fd for /dev/input/event7 13:71 fd 31 paused 0
[2025-11-14 23:18:29] (**) Intel HID events: always reports core events
[2025-11-14 23:18:29] (**) Option "Device" "/dev/input/event7"
[2025-11-14 23:18:29] (II) event7  - Intel HID events: is tagged by udev as: Keyboard
[2025-11-14 23:18:29] (II) event7  - Intel HID events: device is a keyboard
[2025-11-14 23:18:29] (II) event7  - Intel HID events: device removed
[2025-11-14 23:18:29] (**) Option "config_info" "udev:/sys/devices/platform/INTC1051:00/input/input8/event7"
[2025-11-14 23:18:29] (II) XINPUT: Adding extended input device "Intel HID events" (type: KEYBOARD, id 12)
[2025-11-14 23:18:29] (II) event7  - Intel HID events: is tagged by udev as: Keyboard
[2025-11-14 23:18:29] (II) event7  - Intel HID events: device is a keyboard
[2025-11-14 23:18:29] (II) config/udev: Adding input device Intel HID 5 button array (/dev/input/event8)
[2025-11-14 23:18:29] (**) Intel HID 5 button array: Applying InputClass "libinput keyboard catchall"
[2025-11-14 23:18:29] (II) Using input driver 'libinput' for 'Intel HID 5 button array'
[2025-11-14 23:18:29] (II) systemd-logind: got fd for /dev/input/event8 13:72 fd 32 paused 0
[2025-11-14 23:18:29] (**) Intel HID 5 button array: always reports core events
[2025-11-14 23:18:29] (**) Option "Device" "/dev/input/event8"
[2025-11-14 23:18:29] (II) event8  - Intel HID 5 button array: is tagged by udev as: Keyboard
[2025-11-14 23:18:29] (II) event8  - Intel HID 5 button array: device is a keyboard
[2025-11-14 23:18:29] (II) event8  - Intel HID 5 button array: device removed
[2025-11-14 23:18:29] (**) Option "config_info" "udev:/sys/devices/platform/INTC1051:00/input/input9/event8"
[2025-11-14 23:18:29] (II) XINPUT: Adding extended input device "Intel HID 5 button array" (type: KEYBOARD, id 13)
[2025-11-14 23:18:29] (II) event8  - Intel HID 5 button array: is tagged by udev as: Keyboard
[2025-11-14 23:18:29] (II) event8  - Intel HID 5 button array: device is a keyboard
[2025-11-14 23:18:29] (II) config/udev: Adding input device Dell Privacy Driver (/dev/input/event12)
[2025-11-14 23:18:29] (**) Dell Privacy Driver: Applying InputClass "libinput keyboard catchall"
[2025-11-14 23:18:29] (II) Using input driver 'libinput' for 'Dell Privacy Driver'
[2025-11-14 23:18:29] (II) systemd-logind: got fd for /dev/input/event12 13:76 fd 33 paused 0
[2025-11-14 23:18:29] (**) Dell Privacy Driver: always reports core events
[2025-11-14 23:18:29] (**) Option "Device" "/dev/input/event12"
[2025-11-14 23:18:29] (II) event12 - Dell Privacy Driver: is tagged by udev as: Keyboard
[2025-11-14 23:18:29] (II) event12 - Dell Privacy Driver: device is a keyboard
[2025-11-14 23:18:29] (II) event12 - Dell Privacy Driver: device removed
[2025-11-14 23:18:29] (**) Option "config_info" "udev:/sys/devices/platform/PNP0C14:02/wmi_bus/wmi_bus-PNP0C14:02/6932965F-1671-4CEB-B988-D3AB0A901919/input/input15/event12"
[2025-11-14 23:18:29] (II) XINPUT: Adding extended input device "Dell Privacy Driver" (type: KEYBOARD, id 14)
[2025-11-14 23:18:29] (II) event12 - Dell Privacy Driver: is tagged by udev as: Keyboard
[2025-11-14 23:18:29] (II) event12 - Dell Privacy Driver: device is a keyboard
[2025-11-14 23:18:29] (II) config/udev: Adding input device Dell WMI hotkeys (/dev/input/event13)
[2025-11-14 23:18:29] (**) Dell WMI hotkeys: Applying InputClass "libinput keyboard catchall"
[2025-11-14 23:18:29] (II) Using input driver 'libinput' for 'Dell WMI hotkeys'
[2025-11-14 23:18:29] (II) systemd-logind: got fd for /dev/input/event13 13:77 fd 34 paused 0
[2025-11-14 23:18:29] (**) Dell WMI hotkeys: always reports core events
[2025-11-14 23:18:29] (**) Option "Device" "/dev/input/event13"
[2025-11-14 23:18:29] (II) event13 - Dell WMI hotkeys: is tagged by udev as: Keyboard
[2025-11-14 23:18:29] (II) event13 - Dell WMI hotkeys: device is a keyboard
[2025-11-14 23:18:29] (II) event13 - Dell WMI hotkeys: device removed
[2025-11-14 23:18:29] (**) Option "config_info" "udev:/sys/devices/platform/PNP0C14:02/wmi_bus/wmi_bus-PNP0C14:02/9DBB5994-A997-11DA-B012-B622A1EF5492/input/input16/event13"
[2025-11-14 23:18:29] (II) XINPUT: Adding extended input device "Dell WMI hotkeys" (type: KEYBOARD, id 15)
[2025-11-14 23:18:29] (II) event13 - Dell WMI hotkeys: is tagged by udev as: Keyboard
[2025-11-14 23:18:29] (II) event13 - Dell WMI hotkeys: device is a keyboard
[2025-11-14 23:18:29] (II) config/udev: Adding input device AT Translated Set 2 keyboard (/dev/input/event3)
[2025-11-14 23:18:29] (**) AT Translated Set 2 keyboard: Applying InputClass "libinput keyboard catchall"
[2025-11-14 23:18:29] (II) Using input driver 'libinput' for 'AT Translated Set 2 keyboard'
[2025-11-14 23:18:29] (II) systemd-logind: got fd for /dev/input/event3 13:67 fd 35 paused 0
[2025-11-14 23:18:29] (**) AT Translated Set 2 keyboard: always reports core events
[2025-11-14 23:18:29] (**) Option "Device" "/dev/input/event3"
[2025-11-14 23:18:29] (II) event3  - AT Translated Set 2 keyboard: is tagged by udev as: Keyboard
[2025-11-14 23:18:29] (II) event3  - AT Translated Set 2 keyboard: device is a keyboard
[2025-11-14 23:18:29] (II) event3  - AT Translated Set 2 keyboard: device removed
[2025-11-14 23:18:29] (**) Option "config_info" "udev:/sys/devices/platform/i8042/serio0/input/input3/event3"
[2025-11-14 23:18:29] (II) XINPUT: Adding extended input device "AT Translated Set 2 keyboard" (type: KEYBOARD, id 16)
[2025-11-14 23:18:29] (II) event3  - AT Translated Set 2 keyboard: is tagged by udev as: Keyboard
[2025-11-14 23:18:29] (II) event3  - AT Translated Set 2 keyboard: device is a keyboard
[2025-11-14 23:18:29] (II) config/udev: Adding input device PS/2 Generic Mouse (/dev/input/event19)
[2025-11-14 23:18:29] (**) PS/2 Generic Mouse: Applying InputClass "libinput pointer catchall"
[2025-11-14 23:18:29] (II) Using input driver 'libinput' for 'PS/2 Generic Mouse'
[2025-11-14 23:18:29] (II) systemd-logind: got fd for /dev/input/event19 13:83 fd 36 paused 0
[2025-11-14 23:18:29] (**) PS/2 Generic Mouse: always reports core events
[2025-11-14 23:18:29] (**) Option "Device" "/dev/input/event19"
[2025-11-14 23:18:29] (II) event19 - PS/2 Generic Mouse: is tagged by udev as: Mouse
[2025-11-14 23:18:29] (II) event19 - PS/2 Generic Mouse: device is a pointer
[2025-11-14 23:18:29] (II) event19 - PS/2 Generic Mouse: device removed
[2025-11-14 23:18:29] (II) libinput: PS/2 Generic Mouse: Step value 0 was provided, libinput Fallback acceleration function is used.
[2025-11-14 23:18:29] (II) libinput: PS/2 Generic Mouse: Step value 0 was provided, libinput Fallback acceleration function is used.
[2025-11-14 23:18:29] (II) libinput: PS/2 Generic Mouse: Step value 0 was provided, libinput Fallback acceleration function is used.
[2025-11-14 23:18:29] (**) Option "config_info" "udev:/sys/devices/platform/i8042/serio1/input/input14/event19"
[2025-11-14 23:18:29] (II) XINPUT: Adding extended input device "PS/2 Generic Mouse" (type: MOUSE, id 17)
[2025-11-14 23:18:29] (**) Option "AccelerationScheme" "none"
[2025-11-14 23:18:29] (**) PS/2 Generic Mouse: (accel) selected scheme none/0
[2025-11-14 23:18:29] (**) PS/2 Generic Mouse: (accel) acceleration factor: 2.00
[2025-11-14 23:18:29] (**) PS/2 Generic Mouse: (accel) acceleration threshold: 4
[2025-11-14 23:18:29] (II) event19 - PS/2 Generic Mouse: is tagged by udev as: Mouse
[2025-11-14 23:18:29] (II) event19 - PS/2 Generic Mouse: device is a pointer
[2025-11-14 23:18:29] (II) config/udev: Adding input device PS/2 Generic Mouse (/dev/input/mouse3)
[2025-11-14 23:18:29] (II) No input driver specified, ignoring this device.
[2025-11-14 23:18:29] (II) This device may have been added with another device file.
[2025-11-14 23:18:29] (II) config/udev: Adding input device PC Speaker (/dev/input/event11)
[2025-11-14 23:18:29] (II) No input driver specified, ignoring this device.
[2025-11-14 23:18:29] (II) This device may have been added with another device file.
[2025-11-14 23:18:29] (II) Input(s) initialized
[2025-11-14 23:18:29] (II) intel(0): EDID vendor "BOE", prod id 2697
[2025-11-14 23:18:29] (II) intel(0): Printing DDC gathered Modelines:
[2025-11-14 23:18:29] (II) intel(0): Modeline "1920x1080"x0.00  138.65  1920 1968 2000 2080  1080 1083 1088 1111 +hsync -vsync (66.66 kHz eP)
[2025-11-14 23:18:29] (II) intel(0): Modeline "1920x1080"x0.00  110.90  1920 1968 2000 2080  1080 1083 1088 1111 +hsync -vsync (53.32 kHz e)
[2025-11-14 23:25:35] (EE) event10 - DELL0A21:00 0488:1024 Touchpad: kernel bug: Touch jump detected and discarded.
See https://wayland.freedesktop.org/libinput/doc/1.29.2/touchpad-jumping-cursors.html for details
[2025-11-14 23:26:48] (EE) event10 - DELL0A21:00 0488:1024 Touchpad: kernel bug: Touch jump detected and discarded.
See https://wayland.freedesktop.org/libinput/doc/1.29.2/touchpad-jumping-cursors.html for details
[2025-11-14 23:27:19] (EE) event10 - DELL0A21:00 0488:1024 Touchpad: kernel bug: Touch jump detected and discarded.
See https://wayland.freedesktop.org/libinput/doc/1.29.2/touchpad-jumping-cursors.html for details
[2025-11-14 23:40:14] (EE) event10 - DELL0A21:00 0488:1024 Touchpad: kernel bug: Touch jump detected and discarded.
See https://wayland.freedesktop.org/libinput/doc/1.29.2/touchpad-jumping-cursors.html for details
[2025-11-14 23:42:34] (EE) event10 - DELL0A21:00 0488:1024 Touchpad: kernel bug: Touch jump detected and discarded.
See https://wayland.freedesktop.org/libinput/doc/1.29.2/touchpad-jumping-cursors.html for details
[2025-11-14 23:42:34] (EE) event10 - DELL0A21:00 0488:1024 Touchpad: WARNING: log rate limit exceeded (5 msgs per 24h). Discarding future messages.
[2025-11-15 01:28:36] (II) config/udev: Adding input device Evision RGB Keyboard Mouse (/dev/input/mouse4)
[2025-11-15 01:28:36] (II) No input driver specified, ignoring this device.
[2025-11-15 01:28:36] (II) This device may have been added with another device file.
[2025-11-15 01:28:36] (II) config/udev: Adding input device Evision RGB Keyboard (/dev/input/event21)
[2025-11-15 01:28:36] (**) Evision RGB Keyboard: Applying InputClass "libinput keyboard catchall"
[2025-11-15 01:28:36] (II) Using input driver 'libinput' for 'Evision RGB Keyboard'
[2025-11-15 01:28:36] (II) systemd-logind: got fd for /dev/input/event21 13:85 fd 68 paused 0
[2025-11-15 01:28:36] (**) Evision RGB Keyboard: always reports core events
[2025-11-15 01:28:36] (**) Option "Device" "/dev/input/event21"
[2025-11-15 01:28:36] (II) event21 - Evision RGB Keyboard: is tagged by udev as: Keyboard
[2025-11-15 01:28:36] (II) event21 - Evision RGB Keyboard: device is a keyboard
[2025-11-15 01:28:36] (II) event21 - Evision RGB Keyboard: device removed
[2025-11-15 01:28:36] (II) libinput: Evision RGB Keyboard: needs a virtual subdevice
[2025-11-15 01:28:36] (**) Option "config_info" "udev:/sys/devices/pci0000:00/0000:00:14.0/usb3/3-3/3-3:1.1/0003:320F:505B.0009/input/input26/event21"
[2025-11-15 01:28:36] (II) XINPUT: Adding extended input device "Evision RGB Keyboard" (type: MOUSE, id 18)
[2025-11-15 01:28:36] (**) Option "AccelerationScheme" "none"
[2025-11-15 01:28:36] (**) Evision RGB Keyboard: (accel) selected scheme none/0
[2025-11-15 01:28:36] (**) Evision RGB Keyboard: (accel) acceleration factor: 2.00
[2025-11-15 01:28:36] (**) Evision RGB Keyboard: (accel) acceleration threshold: 4
[2025-11-15 01:28:36] (II) event21 - Evision RGB Keyboard: is tagged by udev as: Keyboard
[2025-11-15 01:28:36] (II) event21 - Evision RGB Keyboard: device is a keyboard
[2025-11-15 01:28:36] (**) Evision RGB Keyboard: Applying InputClass "libinput keyboard catchall"
[2025-11-15 01:28:36] (II) Using input driver 'libinput' for 'Evision RGB Keyboard'
[2025-11-15 01:28:36] (II) systemd-logind: returning pre-existing fd for /dev/input/event21 13:85
[2025-11-15 01:28:36] (**) Evision RGB Keyboard: always reports core events
[2025-11-15 01:28:36] (**) Option "Device" "/dev/input/event21"
[2025-11-15 01:28:36] (II) libinput: Evision RGB Keyboard: is a virtual subdevice
[2025-11-15 01:28:36] (**) Option "config_info" "udev:/sys/devices/pci0000:00/0000:00:14.0/usb3/3-3/3-3:1.1/0003:320F:505B.0009/input/input26/event21"
[2025-11-15 01:28:36] (II) XINPUT: Adding extended input device "Evision RGB Keyboard" (type: KEYBOARD, id 19)
[2025-11-15 01:28:36] (II) config/udev: Adding input device Evision RGB Keyboard Mouse (/dev/input/event23)
[2025-11-15 01:28:36] (**) Evision RGB Keyboard Mouse: Applying InputClass "libinput pointer catchall"
[2025-11-15 01:28:36] (II) Using input driver 'libinput' for 'Evision RGB Keyboard Mouse'
[2025-11-15 01:28:36] (II) systemd-logind: got fd for /dev/input/event23 13:87 fd 69 paused 0
[2025-11-15 01:28:36] (**) Evision RGB Keyboard Mouse: always reports core events
[2025-11-15 01:28:36] (**) Option "Device" "/dev/input/event23"
[2025-11-15 01:28:36] (II) event23 - Evision RGB Keyboard Mouse: is tagged by udev as: Mouse
[2025-11-15 01:28:36] (II) event23 - Evision RGB Keyboard Mouse: device is a pointer
[2025-11-15 01:28:36] (II) event23 - Evision RGB Keyboard Mouse: device removed
[2025-11-15 01:28:36] (II) libinput: Evision RGB Keyboard Mouse: Step value 0 was provided, libinput Fallback acceleration function is used.
[2025-11-15 01:28:36] (II) libinput: Evision RGB Keyboard Mouse: Step value 0 was provided, libinput Fallback acceleration function is used.
[2025-11-15 01:28:36] (II) libinput: Evision RGB Keyboard Mouse: Step value 0 was provided, libinput Fallback acceleration function is used.
[2025-11-15 01:28:36] (**) Option "config_info" "udev:/sys/devices/pci0000:00/0000:00:14.0/usb3/3-3/3-3:1.1/0003:320F:505B.0009/input/input28/event23"
[2025-11-15 01:28:36] (II) XINPUT: Adding extended input device "Evision RGB Keyboard Mouse" (type: MOUSE, id 20)
[2025-11-15 01:28:36] (**) Option "AccelerationScheme" "none"
[2025-11-15 01:28:36] (**) Evision RGB Keyboard Mouse: (accel) selected scheme none/0
[2025-11-15 01:28:36] (**) Evision RGB Keyboard Mouse: (accel) acceleration factor: 2.00
[2025-11-15 01:28:36] (**) Evision RGB Keyboard Mouse: (accel) acceleration threshold: 4
[2025-11-15 01:28:36] (II) event23 - Evision RGB Keyboard Mouse: is tagged by udev as: Mouse
[2025-11-15 01:28:36] (II) event23 - Evision RGB Keyboard Mouse: device is a pointer
[2025-11-15 01:28:36] (II) config/udev: Adding input device Evision RGB Keyboard (/dev/input/event20)
[2025-11-15 01:28:36] (**) Evision RGB Keyboard: Applying InputClass "libinput keyboard catchall"
[2025-11-15 01:28:36] (II) Using input driver 'libinput' for 'Evision RGB Keyboard'
[2025-11-15 01:28:36] (II) systemd-logind: got fd for /dev/input/event20 13:84 fd 70 paused 0
[2025-11-15 01:28:36] (**) Evision RGB Keyboard: always reports core events
[2025-11-15 01:28:36] (**) Option "Device" "/dev/input/event20"
[2025-11-15 01:28:36] (II) event20 - Evision RGB Keyboard: is tagged by udev as: Keyboard
[2025-11-15 01:28:36] (II) event20 - Evision RGB Keyboard: device is a keyboard
[2025-11-15 01:28:36] (II) event20 - Evision RGB Keyboard: device removed
[2025-11-15 01:28:36] (**) Option "config_info" "udev:/sys/devices/pci0000:00/0000:00:14.0/usb3/3-3/3-3:1.0/0003:320F:505B.0008/input/input25/event20"
[2025-11-15 01:28:36] (II) XINPUT: Adding extended input device "Evision RGB Keyboard" (type: KEYBOARD, id 21)
[2025-11-15 01:28:36] (II) event20 - Evision RGB Keyboard: is tagged by udev as: Keyboard
[2025-11-15 01:28:36] (II) event20 - Evision RGB Keyboard: device is a keyboard
[2025-11-15 01:28:36] (II) config/udev: Adding input device Evision RGB Keyboard (/dev/input/event22)
[2025-11-15 01:28:36] (II) No input driver specified, ignoring this device.
[2025-11-15 01:28:36] (II) This device may have been added with another device file.
